#At time x process y state arr w total z remain y wait k
#At time 5 process 1 starting arr 5 total 7 remain 7 wait 0
At time 6 process 1 Stoped arr 5 total 7 remain 6 wait 0
At time 6 process 1 Resumed arr 5 total 7 remain 6 wait 0
At time 7 process 1 Stoped arr 5 total 7 remain 5 wait 0
At time 7 process 1 Resumed arr 5 total 7 remain 5 wait 0
At time 8 process 1 Stoped arr 5 total 7 remain 4 wait 0
At time 8 process 1 Resumed arr 5 total 7 remain 4 wait 0
At time 9 process 1 Stoped arr 5 total 7 remain 3 wait 0
At time 9 process 1 Resumed arr 5 total 7 remain 3 wait 0
At time 10 process 1 Stoped arr 5 total 7 remain 2 wait 0
At time 10 process 1 Resumed arr 5 total 7 remain 2 wait 0
At time 11 process 1 Stoped arr 5 total 7 remain 1 wait 0
At time 11 process 1 Resumed arr 5 total 7 remain 1 wait 0
At time 12 process 1 finished arr 5 total 7 remain 0 wait 0  TA 7  WTA 1.00
#At time 15 process 2 starting arr 15 total 22 remain 22 wait 0
At time 16 process 2 Stoped arr 15 total 22 remain 21 wait 0
At time 16 process 2 Resumed arr 15 total 22 remain 21 wait 0
At time 17 process 2 Stoped arr 15 total 22 remain 20 wait 0
#At time 17 process 3 starting arr 16 total 21 remain 21 wait 1
At time 18 process 3 Stoped arr 16 total 21 remain 20 wait 1
At time 18 process 2 Resumed arr 15 total 22 remain 20 wait 1
At time 19 process 2 Stoped arr 15 total 22 remain 19 wait 1
At time 19 process 3 Resumed arr 16 total 21 remain 20 wait 2
At time 20 process 3 Stoped arr 16 total 21 remain 19 wait 2
At time 20 process 2 Resumed arr 15 total 22 remain 19 wait 2
At time 21 process 2 Stoped arr 15 total 22 remain 18 wait 2
At time 21 process 3 Resumed arr 16 total 21 remain 19 wait 3
At time 22 process 3 Stoped arr 16 total 21 remain 18 wait 3
At time 22 process 2 Resumed arr 15 total 22 remain 18 wait 3
At time 23 process 2 Stoped arr 15 total 22 remain 17 wait 3
At time 23 process 3 Resumed arr 16 total 21 remain 18 wait 4
At time 24 process 3 Stoped arr 16 total 21 remain 17 wait 4
At time 24 process 2 Resumed arr 15 total 22 remain 17 wait 4
At time 25 process 2 Stoped arr 15 total 22 remain 16 wait 4
At time 25 process 3 Resumed arr 16 total 21 remain 17 wait 5
At time 26 process 3 Stoped arr 16 total 21 remain 16 wait 5
#At time 26 process 4 starting arr 25 total 13 remain 13 wait 1
At time 27 process 4 Stoped arr 25 total 13 remain 12 wait 1
At time 27 process 2 Resumed arr 15 total 22 remain 16 wait 6
At time 28 process 2 Stoped arr 15 total 22 remain 15 wait 6
At time 28 process 3 Resumed arr 16 total 21 remain 16 wait 7
At time 29 process 3 Stoped arr 16 total 21 remain 15 wait 7
At time 29 process 4 Resumed arr 25 total 13 remain 12 wait 3
At time 30 process 4 Stoped arr 25 total 13 remain 11 wait 3
At time 30 process 2 Resumed arr 15 total 22 remain 15 wait 8
At time 31 process 2 Stoped arr 15 total 22 remain 14 wait 8
At time 31 process 3 Resumed arr 16 total 21 remain 15 wait 9
At time 32 process 3 Stoped arr 16 total 21 remain 14 wait 9
At time 32 process 4 Resumed arr 25 total 13 remain 11 wait 5
At time 33 process 4 Stoped arr 25 total 13 remain 10 wait 5
At time 33 process 2 Resumed arr 15 total 22 remain 14 wait 10
At time 34 process 2 Stoped arr 15 total 22 remain 13 wait 10
At time 34 process 3 Resumed arr 16 total 21 remain 14 wait 11
At time 35 process 3 Stoped arr 16 total 21 remain 13 wait 11
At time 35 process 4 Resumed arr 25 total 13 remain 10 wait 7
At time 36 process 4 Stoped arr 25 total 13 remain 9 wait 7
#At time 36 process 5 starting arr 33 total 27 remain 27 wait 3
At time 37 process 5 Stoped arr 33 total 27 remain 26 wait 3
At time 37 process 2 Resumed arr 15 total 22 remain 13 wait 13
At time 38 process 2 Stoped arr 15 total 22 remain 12 wait 13
At time 38 process 3 Resumed arr 16 total 21 remain 13 wait 14
At time 39 process 3 Stoped arr 16 total 21 remain 12 wait 14
At time 39 process 4 Resumed arr 25 total 13 remain 9 wait 10
At time 40 process 4 Stoped arr 25 total 13 remain 8 wait 10
At time 40 process 5 Resumed arr 33 total 27 remain 26 wait 6
At time 41 process 5 Stoped arr 33 total 27 remain 25 wait 6
At time 41 process 2 Resumed arr 15 total 22 remain 12 wait 16
At time 42 process 2 Stoped arr 15 total 22 remain 11 wait 16
At time 42 process 3 Resumed arr 16 total 21 remain 12 wait 17
At time 43 process 3 Stoped arr 16 total 21 remain 11 wait 17
At time 43 process 4 Resumed arr 25 total 13 remain 8 wait 13
At time 44 process 4 Stoped arr 25 total 13 remain 7 wait 13
At time 44 process 5 Resumed arr 33 total 27 remain 25 wait 9
At time 45 process 5 Stoped arr 33 total 27 remain 24 wait 9
At time 45 process 2 Resumed arr 15 total 22 remain 11 wait 19
At time 46 process 2 Stoped arr 15 total 22 remain 10 wait 19
At time 46 process 3 Resumed arr 16 total 21 remain 11 wait 20
At time 47 process 3 Stoped arr 16 total 21 remain 10 wait 20
At time 47 process 4 Resumed arr 25 total 13 remain 7 wait 16
At time 48 process 4 Stoped arr 25 total 13 remain 6 wait 16
At time 48 process 5 Resumed arr 33 total 27 remain 24 wait 12
At time 49 process 5 Stoped arr 33 total 27 remain 23 wait 12
At time 49 process 2 Resumed arr 15 total 22 remain 10 wait 22
At time 50 process 2 Stoped arr 15 total 22 remain 9 wait 22
At time 50 process 3 Resumed arr 16 total 21 remain 10 wait 23
At time 51 process 3 Stoped arr 16 total 21 remain 9 wait 23
At time 51 process 4 Resumed arr 25 total 13 remain 6 wait 19
At time 52 process 4 Stoped arr 25 total 13 remain 5 wait 19
At time 52 process 5 Resumed arr 33 total 27 remain 23 wait 15
At time 53 process 5 Stoped arr 33 total 27 remain 22 wait 15
At time 53 process 2 Resumed arr 15 total 22 remain 9 wait 25
At time 54 process 2 Stoped arr 15 total 22 remain 8 wait 25
At time 54 process 3 Resumed arr 16 total 21 remain 9 wait 26
At time 55 process 3 Stoped arr 16 total 21 remain 8 wait 26
At time 55 process 4 Resumed arr 25 total 13 remain 5 wait 22
At time 56 process 4 Stoped arr 25 total 13 remain 4 wait 22
At time 56 process 5 Resumed arr 33 total 27 remain 22 wait 18
At time 57 process 5 Stoped arr 33 total 27 remain 21 wait 18
At time 57 process 2 Resumed arr 15 total 22 remain 8 wait 28
At time 58 process 2 Stoped arr 15 total 22 remain 7 wait 28
At time 58 process 3 Resumed arr 16 total 21 remain 8 wait 29
At time 59 process 3 Stoped arr 16 total 21 remain 7 wait 29
At time 59 process 4 Resumed arr 25 total 13 remain 4 wait 25
At time 60 process 4 Stoped arr 25 total 13 remain 3 wait 25
At time 60 process 5 Resumed arr 33 total 27 remain 21 wait 21
At time 61 process 5 Stoped arr 33 total 27 remain 20 wait 21
At time 61 process 2 Resumed arr 15 total 22 remain 7 wait 31
At time 62 process 2 Stoped arr 15 total 22 remain 6 wait 31
At time 62 process 3 Resumed arr 16 total 21 remain 7 wait 32
At time 63 process 3 Stoped arr 16 total 21 remain 6 wait 32
At time 63 process 4 Resumed arr 25 total 13 remain 3 wait 28
At time 64 process 4 Stoped arr 25 total 13 remain 2 wait 28
At time 64 process 5 Resumed arr 33 total 27 remain 20 wait 24
At time 65 process 5 Stoped arr 33 total 27 remain 19 wait 24
At time 65 process 2 Resumed arr 15 total 22 remain 6 wait 34
At time 66 process 2 Stoped arr 15 total 22 remain 5 wait 34
At time 66 process 3 Resumed arr 16 total 21 remain 6 wait 35
At time 67 process 3 Stoped arr 16 total 21 remain 5 wait 35
At time 67 process 4 Resumed arr 25 total 13 remain 2 wait 31
At time 68 process 4 Stoped arr 25 total 13 remain 1 wait 31
At time 68 process 5 Resumed arr 33 total 27 remain 19 wait 27
At time 69 process 5 Stoped arr 33 total 27 remain 18 wait 27
At time 69 process 2 Resumed arr 15 total 22 remain 5 wait 37
At time 70 process 2 Stoped arr 15 total 22 remain 4 wait 37
At time 70 process 3 Resumed arr 16 total 21 remain 5 wait 38
At time 71 process 3 Stoped arr 16 total 21 remain 4 wait 38
At time 71 process 4 Resumed arr 25 total 13 remain 1 wait 34
At time 72 process 4 finished arr 25 total 13 remain 0 wait 34  TA 47  WTA 3.62
At time 72 process 5 Resumed arr 33 total 27 remain 18 wait 30
At time 73 process 5 Stoped arr 33 total 27 remain 17 wait 30
At time 73 process 2 Resumed arr 15 total 22 remain 4 wait 40
At time 74 process 2 Stoped arr 15 total 22 remain 3 wait 40
At time 74 process 3 Resumed arr 16 total 21 remain 4 wait 41
At time 75 process 3 Stoped arr 16 total 21 remain 3 wait 41
At time 75 process 5 Resumed arr 33 total 27 remain 17 wait 32
At time 76 process 5 Stoped arr 33 total 27 remain 16 wait 32
At time 76 process 2 Resumed arr 15 total 22 remain 3 wait 42
At time 77 process 2 Stoped arr 15 total 22 remain 2 wait 42
At time 77 process 3 Resumed arr 16 total 21 remain 3 wait 43
At time 78 process 3 Stoped arr 16 total 21 remain 2 wait 43
At time 78 process 5 Resumed arr 33 total 27 remain 16 wait 34
At time 79 process 5 Stoped arr 33 total 27 remain 15 wait 34
At time 79 process 2 Resumed arr 15 total 22 remain 2 wait 44
At time 80 process 2 Stoped arr 15 total 22 remain 1 wait 44
At time 80 process 3 Resumed arr 16 total 21 remain 2 wait 45
At time 81 process 3 Stoped arr 16 total 21 remain 1 wait 45
At time 81 process 5 Resumed arr 33 total 27 remain 15 wait 36
At time 82 process 5 Stoped arr 33 total 27 remain 14 wait 36
At time 82 process 2 Resumed arr 15 total 22 remain 1 wait 46
At time 83 process 2 finished arr 15 total 22 remain 0 wait 46  TA 68  WTA 3.09
At time 83 process 3 Resumed arr 16 total 21 remain 1 wait 47
At time 84 process 3 finished arr 16 total 21 remain 0 wait 47  TA 68  WTA 3.24
At time 84 process 5 Resumed arr 33 total 27 remain 14 wait 38
At time 85 process 5 Stoped arr 33 total 27 remain 13 wait 38
At time 85 process 5 Resumed arr 33 total 27 remain 13 wait 38
At time 86 process 5 Stoped arr 33 total 27 remain 12 wait 38
At time 86 process 5 Resumed arr 33 total 27 remain 12 wait 38
At time 87 process 5 Stoped arr 33 total 27 remain 11 wait 38
At time 87 process 5 Resumed arr 33 total 27 remain 11 wait 38
At time 88 process 5 Stoped arr 33 total 27 remain 10 wait 38
At time 88 process 5 Resumed arr 33 total 27 remain 10 wait 38
At time 89 process 5 Stoped arr 33 total 27 remain 9 wait 38
At time 89 process 5 Resumed arr 33 total 27 remain 9 wait 38
At time 90 process 5 Stoped arr 33 total 27 remain 8 wait 38
At time 90 process 5 Resumed arr 33 total 27 remain 8 wait 38
At time 91 process 5 Stoped arr 33 total 27 remain 7 wait 38
At time 91 process 5 Resumed arr 33 total 27 remain 7 wait 38
At time 92 process 5 Stoped arr 33 total 27 remain 6 wait 38
At time 92 process 5 Resumed arr 33 total 27 remain 6 wait 38
At time 93 process 5 Stoped arr 33 total 27 remain 5 wait 38
At time 93 process 5 Resumed arr 33 total 27 remain 5 wait 38
At time 94 process 5 Stoped arr 33 total 27 remain 4 wait 38
At time 94 process 5 Resumed arr 33 total 27 remain 4 wait 38
At time 95 process 5 Stoped arr 33 total 27 remain 3 wait 38
At time 95 process 5 Resumed arr 33 total 27 remain 3 wait 38
At time 96 process 5 Stoped arr 33 total 27 remain 2 wait 38
At time 96 process 5 Resumed arr 33 total 27 remain 2 wait 38
At time 97 process 5 Stoped arr 33 total 27 remain 1 wait 38
At time 97 process 5 Resumed arr 33 total 27 remain 1 wait 38
At time 99 process 5 finished arr 33 total 27 remain 0 wait 38  TA 66  WTA 2.44
